Arguments: 
  /Users/nolansym/.nvm/versions/node/v12.14.1/bin/node /Users/nolansym/.yarn/bin/yarn.js add -D typescript ts-jest prettier lint-staged jest husky eslint-config-prettier eslint @typescript-eslint-parser @typescript-eslint/eslint-plugin @types/node @types/jest @testing-library/react

PATH: 
  /Users/nolansym/.yarn/bin:/Users/nolansym/.config/yarn/global/node_modules/.bin:/Users/nolansym/.nvm/versions/node/v12.14.1/bin:/usr/local/bin:/usr/bin:/bin:/usr/sbin:/sbin

Yarn version: 
  1.21.1

Node version: 
  12.14.1

Platform: 
  darwin x64

Trace: 
  Error: https://registry.yarnpkg.com/@typescript-eslint-parser: Request "https://registry.yarnpkg.com/@typescript-eslint-parser" returned a 405
      at Request.params.callback [as _callback] (/Users/nolansym/.yarn/lib/cli.js:66956:18)
      at Request.self.callback (/Users/nolansym/.yarn/lib/cli.js:140665:22)
      at Request.emit (events.js:223:5)
      at Request.<anonymous> (/Users/nolansym/.yarn/lib/cli.js:141637:10)
      at Request.emit (events.js:223:5)
      at IncomingMessage.<anonymous> (/Users/nolansym/.yarn/lib/cli.js:141559:12)
      at Object.onceWrapper (events.js:312:28)
      at IncomingMessage.emit (events.js:228:7)
      at endReadableNT (_stream_readable.js:1185:12)
      at processTicksAndRejections (internal/process/task_queues.js:81:21)

npm manifest: 
  {
    "name": "finite-fetch-machine",
    "version": "1.0.0",
    "description": "SSR Fetching library based on finite states",
    "main": "index.js",
    "scripts": {
      "test": "echo \"Error: no test specified\" && exit 1"
    },
    "repository": {
      "type": "git",
      "url": "git+https://github.com/Jordan-Gilliam/finite-fetch-machine.git"
    },
    "keywords": [],
    "author": "",
    "license": "ISC",
    "bugs": {
      "url": "https://github.com/Jordan-Gilliam/finite-fetch-machine/issues"
    },
    "homepage": "https://github.com/Jordan-Gilliam/finite-fetch-machine#readme",
    "dependencies": {
      "@xstate/fsm": "^1.3.0",
      "isomorphic-unfetch": "^3.0.0"
    }
  }

yarn manifest: 
  No manifest

Lockfile: 
  # THIS IS AN AUTOGENERATED FILE. DO NOT EDIT THIS FILE DIRECTLY.
  # yarn lockfile v1
  
  
  "@xstate/fsm@^1.3.0":
    version "1.3.0"
    resolved "https://registry.yarnpkg.com/@xstate/fsm/-/fsm-1.3.0.tgz#2a9c2627961473d23c7f4ad4d2db011e76d3975e"
    integrity sha512-dDXp0zEa3r6MzSM1UhqqGlxHna4CH1F2DttmZVpWk7tK33E1bBfV9EAaekmdD091YZs+kaI65oNQhWA55HgJOg==
  
  isomorphic-unfetch@^3.0.0:
    version "3.0.0"
    resolved "https://registry.yarnpkg.com/isomorphic-unfetch/-/isomorphic-unfetch-3.0.0.tgz#de6d80abde487b17de2c400a7ef9e5ecc2efb362"
    integrity sha512-V0tmJSYfkKokZ5mgl0cmfQMTb7MLHsBMngTkbLY0eXvKqiVRRoZP04Ly+KhKrJfKtzC9E6Pp15Jo+bwh7Vi2XQ==
    dependencies:
      node-fetch "^2.2.0"
      unfetch "^4.0.0"
  
  node-fetch@^2.2.0:
    version "2.6.0"
    resolved "https://registry.yarnpkg.com/node-fetch/-/node-fetch-2.6.0.tgz#e633456386d4aa55863f676a7ab0daa8fdecb0fd"
    integrity sha512-8dG4H5ujfvFiqDmVu9fQ5bOHUC15JMjMY/Zumv26oOvvVJjM67KF8koCWIabKQ1GJIa9r2mMZscBq/TbdOcmNA==
  
  unfetch@^4.0.0:
    version "4.1.0"
    resolved "https://registry.yarnpkg.com/unfetch/-/unfetch-4.1.0.tgz#6ec2dd0de887e58a4dee83a050ded80ffc4137db"
    integrity sha512-crP/n3eAPUJxZXM9T80/yv0YhkTEx2K1D3h7D1AJM6fzsWZrxdyRuLN0JH/dkZh1LNH8LxCnBzoPFCPbb2iGpg==
